<?xml version="1.0" encoding="UTF-8"?>
<testng-results skipped="0" failed="0" total="1" passed="1">
  <reporter-output>
  </reporter-output>
  <suite name="testingexample" duration-ms="42846" started-at="2019-08-01T11:54:10Z" finished-at="2019-08-01T11:54:53Z">
    <groups>
    </groups>
    <test name="testngtest" duration-ms="42846" started-at="2019-08-01T11:54:10Z" finished-at="2019-08-01T11:54:53Z">
      <class name="pack1.Ex1">
        <test-method status="PASS" signature="setUp()[pri:0, instance:pack1.Ex1@1810399e]" name="setUp" is-config="true" duration-ms="34878" started-at="2019-08-01T17:24:10Z" finished-at="2019-08-01T17:24:45Z">
          <reporter-output>
          </reporter-output>
        </test-method> <!-- setUp -->
        <test-method status="PASS" signature="testmethod()[pri:0, instance:pack1.Ex1@1810399e]" name="testmethod" duration-ms="6218" started-at="2019-08-01T17:24:45Z" finished-at="2019-08-01T17:24:51Z">
          <reporter-output>
          </reporter-output>
        </test-method> <!-- testmethod -->
        <test-method status="PASS" signature="teardown()[pri:0, instance:pack1.Ex1@1810399e]" name="teardown" is-config="true" duration-ms="1739" started-at="2019-08-01T17:24:51Z" finished-at="2019-08-01T17:24:53Z">
          <reporter-output>
          </reporter-output>
        </test-method> <!-- teardown -->
      </class> <!-- pack1.Ex1 -->
    </test> <!-- testngtest -->
  </suite> <!-- testingexample -->
</testng-results>
